2013/06/13 18:11:00 にビルドを開始しました。
     1>ノード 2 上のプロジェクト "C:\Users\Chelly\Desktop\jikken\bluetooth_Serial_Windows\Serial_Only\origin\origin.vcxproj" (build ターゲット)。
     1>InitializeBuildStatus:
         "AlwaysCreate" が指定されたため "Debug\origin.unsuccessfulbuild" を作成しています。
       ClCompile:
         C:\Program Files\Microsoft Visual Studio 10.0\VC\bin\CL.exe /c /ZI /nologo /W3 /WX- /Od /Oy- /D WIN32 /D _DEBUG /D _CONSOLE /D _MBCS /Gm /EHsc /RTC1 /MDd /GS /fp:precise /Zc:wchar_t /Zc:forScope /Fo"Debug\\" /Fd"Debug\vc100.pdb" /Gd /TP /analyze- /errorReport:prompt main.cpp
         main.cpp
     1>c:\users\chelly\desktop\jikken\bluetooth_serial_windows\serial_only\origin\main.cpp(32): warning C4996: 'kbhit': The POSIX name for this item is deprecated. Instead, use the ISO C++ conformant name: _kbhit. See online help for details.
                 c:\program files\microsoft visual studio 10.0\vc\include\conio.h(130) : 'kbhit' の宣言を確認してください。
       ManifestResourceCompile:
         すべての出力が最新のものです。
       Link:
         C:\Program Files\Microsoft Visual Studio 10.0\VC\bin\link.exe /ERRORREPORT:PROMPT /OUT:"C:\Users\Chelly\Desktop\jikken\bluetooth_Serial_Windows\Serial_Only\Debug\origin.exe" /INCREMENTAL /NOLOGO kernel32.lib user32.lib gdi32.lib winspool.lib comdlg32.lib advapi32.lib shell32.lib ole32.lib oleaut32.lib uuid.lib odbc32.lib odbccp32.lib /MANIFEST /ManifestFile:"Debug\origin.exe.intermediate.manifest" /MANIFESTUAC:"level='asInvoker' uiAccess='false'" /DEBUG /PDB:"C:\Users\Chelly\Desktop\jikken\bluetooth_Serial_Windows\Serial_Only\Debug\origin.pdb" /SUBSYSTEM:CONSOLE /TLBID:1 /DYNAMICBASE /NXCOMPAT /IMPLIB:"C:\Users\Chelly\Desktop\jikken\bluetooth_Serial_Windows\Serial_Only\Debug\origin.lib" /MACHINE:X86 Debug\origin.exe.embed.manifest.res
         Debug\fifo.obj
         Debug\main.obj
         Debug\serial.obj
       Manifest:
         C:\Program Files\Microsoft SDKs\Windows\v7.0A\bin\mt.exe /nologo /verbose /out:"Debug\origin.exe.embed.manifest" /manifest Debug\origin.exe.intermediate.manifest
         すべての出力が最新のものです。
       LinkEmbedManifest:
         すべての出力が最新のものです。
         origin.vcxproj -> C:\Users\Chelly\Desktop\jikken\bluetooth_Serial_Windows\Serial_Only\Debug\origin.exe
       FinalizeBuildStatus:
         ファイル "Debug\origin.unsuccessfulbuild" を削除しています。
         "Debug\origin.lastbuildstate" のタッチ タスクを実行しています。
     1>プロジェクト "C:\Users\Chelly\Desktop\jikken\bluetooth_Serial_Windows\Serial_Only\origin\origin.vcxproj" (build ターゲット) のビルドが完了しました。

ビルドに成功しました。

経過時間 00:00:01.15
