C:\USERS\CHELLY\DESKTOP\JIKKEN\BLUETOOTH_SERIAL_WINDOWS\SERIAL_ONLY\DEBUG\ORIGIN.EXE
C:\USERS\CHELLY\DESKTOP\JIKKEN\BLUETOOTH_SERIAL_WINDOWS\SERIAL_ONLY\DEBUG\ORIGIN.ILK
C:\USERS\CHELLY\DESKTOP\JIKKEN\BLUETOOTH_SERIAL_WINDOWS\SERIAL_ONLY\DEBUG\ORIGIN.PDB
C:\Users\Chelly\Desktop\jikken\bluetooth_Serial_Windows\Serial_Only\origin\Debug\cl.command.1.tlog
C:\Users\Chelly\Desktop\jikken\bluetooth_Serial_Windows\Serial_Only\origin\Debug\CL.read.1.tlog
C:\Users\Chelly\Desktop\jikken\bluetooth_Serial_Windows\Serial_Only\origin\Debug\CL.write.1.tlog
C:\USERS\CHELLY\DESKTOP\JIKKEN\BLUETOOTH_SERIAL_WINDOWS\SERIAL_ONLY\ORIGIN\DEBUG\FIFO.OBJ
C:\Users\Chelly\Desktop\jikken\bluetooth_Serial_Windows\Serial_Only\origin\Debug\link.7328.read.1.tlog
C:\Users\Chelly\Desktop\jikken\bluetooth_Serial_Windows\Serial_Only\origin\Debug\link.7328.write.1.tlog
C:\Users\Chelly\Desktop\jikken\bluetooth_Serial_Windows\Serial_Only\origin\Debug\link.7328-cvtres.read.1.tlog
C:\Users\Chelly\Desktop\jikken\bluetooth_Serial_Windows\Serial_Only\origin\Debug\link.7328-cvtres.write.1.tlog
C:\Users\Chelly\Desktop\jikken\bluetooth_Serial_Windows\Serial_Only\origin\Debug\link.command.1.tlog
C:\Users\Chelly\Desktop\jikken\bluetooth_Serial_Windows\Serial_Only\origin\Debug\link.read.1.tlog
C:\Users\Chelly\Desktop\jikken\bluetooth_Serial_Windows\Serial_Only\origin\Debug\link.write.1.tlog
C:\Users\Chelly\Desktop\jikken\bluetooth_Serial_Windows\Serial_Only\origin\Debug\link-cvtres.read.1.tlog
C:\Users\Chelly\Desktop\jikken\bluetooth_Serial_Windows\Serial_Only\origin\Debug\link-cvtres.write.1.tlog
C:\USERS\CHELLY\DESKTOP\JIKKEN\BLUETOOTH_SERIAL_WINDOWS\SERIAL_ONLY\ORIGIN\DEBUG\MAIN.OBJ
C:\Users\Chelly\Desktop\jikken\bluetooth_Serial_Windows\Serial_Only\origin\Debug\mt.command.1.tlog
C:\Users\Chelly\Desktop\jikken\bluetooth_Serial_Windows\Serial_Only\origin\Debug\mt.read.1.tlog
C:\Users\Chelly\Desktop\jikken\bluetooth_Serial_Windows\Serial_Only\origin\Debug\mt.write.1.tlog
C:\USERS\CHELLY\DESKTOP\JIKKEN\BLUETOOTH_SERIAL_WINDOWS\SERIAL_ONLY\ORIGIN\DEBUG\ORIGIN.EXE.EMBED.MANIFEST
C:\USERS\CHELLY\DESKTOP\JIKKEN\BLUETOOTH_SERIAL_WINDOWS\SERIAL_ONLY\ORIGIN\DEBUG\ORIGIN.EXE.EMBED.MANIFEST.RES
C:\USERS\CHELLY\DESKTOP\JIKKEN\BLUETOOTH_SERIAL_WINDOWS\SERIAL_ONLY\ORIGIN\DEBUG\ORIGIN.EXE.INTERMEDIATE.MANIFEST
C:\Users\Chelly\Desktop\jikken\bluetooth_Serial_Windows\Serial_Only\origin\Debug\origin_manifest.rc
C:\Users\Chelly\Desktop\jikken\bluetooth_Serial_Windows\Serial_Only\origin\Debug\rc.command.1.tlog
C:\Users\Chelly\Desktop\jikken\bluetooth_Serial_Windows\Serial_Only\origin\Debug\rc.read.1.tlog
C:\Users\Chelly\Desktop\jikken\bluetooth_Serial_Windows\Serial_Only\origin\Debug\rc.write.1.tlog
C:\USERS\CHELLY\DESKTOP\JIKKEN\BLUETOOTH_SERIAL_WINDOWS\SERIAL_ONLY\ORIGIN\DEBUG\SERIAL.OBJ
C:\Users\Chelly\Desktop\jikken\bluetooth_Serial_Windows\Serial_Only\origin\Debug\vc100.idb
C:\USERS\CHELLY\DESKTOP\JIKKEN\BLUETOOTH_SERIAL_WINDOWS\SERIAL_ONLY\ORIGIN\DEBUG\VC100.PDB
